[00:52:06] ==================================================
[00:52:06] 🧬 玄照自动进化任务 v1 启动
[00:52:06] 每 10 分钟扫描 + 自动 commit + 测试
[00:52:06] ==================================================
[00:52:10] ✅ 服务健康
[00:52:10] 📦 commit+push 1 文件
[01:02:10] ✅ 服务健康
[01:02:10] ✅ 代码已提交
[01:12:14] ✅ 服务健康
[01:12:14] 📦 commit+push 2 文件
[01:12:14] 🧪 0 passed, 1 failed
[01:22:17] ✅ 服务健康
[01:22:17] 📦 commit+push 2 文件
[01:58:43] ✅ 服务健康
[01:58:43] 📦 commit+push 2 文件
[02:08:47] ✅ 服务健康
[02:08:47] 📦 commit+push 2 文件
[02:08:47] 🧪 0 passed, 1 failed
[02:08:47] 🔍 扫描 21 文件, 23746 行
[02:18:51] ✅ 服务健康
[02:18:51] 📦 commit+push 2 文件
[02:28:54] ✅ 服务健康
[02:28:54] 📦 commit+push 2 文件
[02:38:57] ✅ 服务健康
[02:38:57] 📦 commit+push 2 文件
[02:38:57] 🧪 0 passed, 1 failed
